
══ /data/c0061461/THESIS/PBC/Longs/albumin -- Ranked by AIC ══════════════════════════════════════════════════════════════════════
                                           AIC    BIC logLik deviance df.resid
4Gaussian_quad_Age_Histologic.log       1653.5 1731.0 -812.8   1625.5     1852
5Gaussian_quad_Sex_Age_Histologic.log   1654.6 1737.6 -812.3   1624.6     1851
3Gaussian_linear_Age_Histologic.log     1656.2 1711.5 -818.1   1636.2     1856
4Gaussian_linear_Sex_Age_Histologic.log 1656.9 1717.8 -817.5   1634.9     1855
4Gaussian_quad_Sex_Histologic.log       1659.3 1736.7 -815.6   1631.3     1852
3Gaussian_linear_Sex_Histologic.log     1660.0 1715.3 -820.0   1640.0     1856
5Gaussian_linear_DI_Age_Histologic.log  1660.1 1726.5 -818.1   1636.1     1854

══ /data/c0061461/THESIS/PBC/Longs/albumin -- Ranked by BIC ══════════════════════════════════════════════════════════════════════
                                              AIC    BIC logLik deviance df.resid
3Gaussian_linear_Age_Histologic.log        1656.2 1711.5 -818.1   1636.2     1856
3Gaussian_linear_Sex_Histologic.log        1660.0 1715.3 -820.0   1640.0     1856
4Gaussian_linear_Sex_Age_Histologic.log    1656.9 1717.8 -817.5   1634.9     1855
5Gaussian_linear_DI_Age_Histologic.log     1660.1 1726.5 -818.1   1636.1     1854
5Gaussian_linear_DI_Sex_Histologic.log     1663.8 1730.1 -819.9   1639.8     1854
4Gaussian_quad_Age_Histologic.log          1653.5 1731.0 -812.8   1625.5     1852
6Gaussian_linear_DI_Sex_Age_Histologic.log 1660.9 1732.8 -817.4   1634.9     1853

══ /data/c0061461/THESIS/PBC/Longs/albumin -- Ranked by logLik ═══════════════════════════════════════════════════════════════════
                                              AIC    BIC logLik deviance df.resid
5Gaussian_quad_Sex_Age_Histologic.log      1654.6 1737.6 -812.3   1624.6     1851
4Gaussian_quad_Age_Histologic.log          1653.5 1731.0 -812.8   1625.5     1852
4Gaussian_quad_Sex_Histologic.log          1659.3 1736.7 -815.6   1631.3     1852
6Gaussian_linear_DI_Sex_Age_Histologic.log 1660.9 1732.8 -817.4   1634.9     1853
4Gaussian_linear_Sex_Age_Histologic.log    1656.9 1717.8 -817.5   1634.9     1855
3Gaussian_linear_Age_Histologic.log        1656.2 1711.5 -818.1   1636.2     1856
5Gaussian_linear_DI_Age_Histologic.log     1660.1 1726.5 -818.1   1636.1     1854

