
══ /data/c0061461/THESIS/PBC/Longs/hepatomegaly -- Ranked by AIC ═════════════════════════════════════════════════════════════════
                                            AIC    BIC logLik deviance df.resid
4Binomial_quad_Sex_Histologic.log        1882.5 1954.4 -928.3   1856.5     1853
5Binomial_quad_Sex_Age_Histologic.log    1883.3 1960.8 -927.7   1855.3     1852
7Binomial_quad_DI_Sex_Histologic.log     1886.1 1974.6 -927.0   1854.1     1850
4Binomial_quad_Age_Histologic.log        1886.8 1958.7 -930.4   1860.8     1853
8Binomial_quad_DI_Sex_Age_Histologic.log 1887.3 1981.3 -926.6   1853.3     1849
3Binomial_linear_Sex_Histologic.log      1890.6 1940.4 -936.3   1872.6     1857
4Binomial_linear_Sex_Age_Histologic.log  1890.8 1946.1 -935.4   1870.8     1856

══ /data/c0061461/THESIS/PBC/Longs/hepatomegaly -- Ranked by BIC ═════════════════════════════════════════════════════════════════
                                           AIC    BIC logLik deviance df.resid
3Binomial_linear_Sex_Histologic.log     1890.6 1940.4 -936.3   1872.6     1857
3Binomial_linear_Age_Histologic.log     1895.0 1944.7 -938.5   1877.0     1857
4Binomial_linear_Sex_Age_Histologic.log 1890.8 1946.1 -935.4   1870.8     1856
5Binomial_linear_DI_Sex_Histologic.log  1892.3 1953.1 -935.1   1870.3     1855
4Binomial_quad_Sex_Histologic.log       1882.5 1954.4 -928.3   1856.5     1853
5Binomial_linear_DI_Age_Histologic.log  1897.3 1958.2 -937.7   1875.3     1855
4Binomial_quad_Age_Histologic.log       1886.8 1958.7 -930.4   1860.8     1853

══ /data/c0061461/THESIS/PBC/Longs/hepatomegaly -- Ranked by logLik ══════════════════════════════════════════════════════════════
                                              AIC    BIC logLik deviance df.resid
8Binomial_quad_DI_Sex_Age_Histologic.log   1887.3 1981.3 -926.6   1853.3     1849
7Binomial_quad_DI_Sex_Histologic.log       1886.1 1974.6 -927.0   1854.1     1850
5Binomial_quad_Sex_Age_Histologic.log      1883.3 1960.8 -927.7   1855.3     1852
4Binomial_quad_Sex_Histologic.log          1882.5 1954.4 -928.3   1856.5     1853
7Binomial_quad_DI_Age_Histologic.log       1891.0 1979.5 -929.5   1859.0     1850
4Binomial_quad_Age_Histologic.log          1886.8 1958.7 -930.4   1860.8     1853
6Binomial_linear_DI_Sex_Age_Histologic.log 1892.9 1959.3 -934.5   1868.9     1854

