
══ /data/c0061461/THESIS/PBC/Longs/serBilir -- Ranked by AIC ═══════════════════════════════════════════════════════════════════════════════
                                            AIC    BIC  logLik deviance df.resid
5Gaussian_ns_Sex_Histologic2.log         2594.0 2688.1 -1280.0   2560.0     1849
5Gaussian_ns_Age_Histologic2.log         2595.0 2689.0 -1280.5   2561.0     1849
6Gaussian_ns_Sex_Age_Histologic2.log     2596.0 2695.6 -1280.0   2560.0     1848
9Gaussian_ns_DI_Sex_Histologic2.log      2597.8 2714.0 -1277.9   2555.8     1845
9Gaussian_ns_DI_Age_Histologic2.log      2598.8 2714.9 -1278.4   2556.8     1845
10Gaussian_ns_DI_Sex_Age_Histologic2.log 2599.8 2721.5 -1277.9   2555.8     1844
5Gaussian_ns_Sex_Age.log                 2617.5 2711.6 -1291.8   2583.5     1849

══ /data/c0061461/THESIS/PBC/Longs/serBilir -- Ranked by BIC ═══════════════════════════════════════════════════════════════════════════════
                                        AIC    BIC  logLik deviance df.resid
5Gaussian_ns_Sex_Histologic2.log     2594.0 2688.1 -1280.0   2560.0     1849
5Gaussian_ns_Age_Histologic2.log     2595.0 2689.0 -1280.5   2561.0     1849
6Gaussian_ns_Sex_Age_Histologic2.log 2596.0 2695.6 -1280.0   2560.0     1848
5Gaussian_ns_Sex_Age.log             2617.5 2711.6 -1291.8   2583.5     1849
9Gaussian_ns_DI_Sex_Histologic2.log  2597.8 2714.0 -1277.9   2555.8     1845
9Gaussian_ns_DI_Age_Histologic2.log  2598.8 2714.9 -1278.4   2556.8     1845
4Gaussian_quad_Sex_Histologic2.log   2652.6 2718.9 -1314.3   2628.6     1854

══ /data/c0061461/THESIS/PBC/Longs/serBilir -- Ranked by logLik ════════════════════════════════════════════════════════════════════════════
                                            AIC    BIC  logLik deviance df.resid
10Gaussian_ns_DI_Sex_Age_Histologic2.log 2599.8 2721.5 -1277.9   2555.8     1844
9Gaussian_ns_DI_Sex_Histologic2.log      2597.8 2714.0 -1277.9   2555.8     1845
9Gaussian_ns_DI_Age_Histologic2.log      2598.8 2714.9 -1278.4   2556.8     1845
5Gaussian_ns_Sex_Histologic2.log         2594.0 2688.1 -1280.0   2560.0     1849
6Gaussian_ns_Sex_Age_Histologic2.log     2596.0 2695.6 -1280.0   2560.0     1848
5Gaussian_ns_Age_Histologic2.log         2595.0 2689.0 -1280.5   2561.0     1849
9Gaussian_ns_DI_Sex_Age.log              2620.6 2736.7 -1289.3   2578.6     1845

