
══ /data/c0061461/THESIS/PBC/Longs/spiders -- Ranked by AIC ════════════════════════════════════════════════════════════════════════════════
                                             AIC    BIC logLik deviance df.resid
5Binomial_quad_Sex_Age_Histologic2.log    1606.6 1673.0 -791.3   1582.6     1854
4Binomial_quad_Sex_Histologic2.log        1606.7 1667.6 -792.4   1584.7     1855
4Binomial_quad_Age_Histologic2.log        1607.0 1667.8 -792.5   1585.0     1855
8Binomial_quad_DI_Sex_Age_Histologic2.log 1612.4 1695.4 -791.2   1582.4     1851
7Binomial_quad_DI_Sex_Histologic2.log     1612.5 1690.0 -792.3   1584.5     1852
7Binomial_quad_DI_Age_Histologic2.log     1612.7 1690.2 -792.4   1584.7     1852
4Binomial_linear_Sex_Age_Histologic2.log  1643.0 1687.2 -813.5   1627.0     1858

══ /data/c0061461/THESIS/PBC/Longs/spiders -- Ranked by BIC ════════════════════════════════════════════════════════════════════════════════
                                            AIC    BIC logLik deviance df.resid
4Binomial_quad_Sex_Histologic2.log       1606.7 1667.6 -792.4   1584.7     1855
4Binomial_quad_Age_Histologic2.log       1607.0 1667.8 -792.5   1585.0     1855
5Binomial_quad_Sex_Age_Histologic2.log   1606.6 1673.0 -791.3   1582.6     1854
3Binomial_linear_Sex_Histologic2.log     1643.5 1682.2 -814.7   1629.5     1859
3Binomial_linear_Age_Histologic2.log     1644.1 1682.8 -815.0   1630.1     1859
4Binomial_linear_Sex_Age_Histologic2.log 1643.0 1687.2 -813.5   1627.0     1858
7Binomial_quad_DI_Sex_Histologic2.log    1612.5 1690.0 -792.3   1584.5     1852

══ /data/c0061461/THESIS/PBC/Longs/spiders -- Ranked by logLik ═════════════════════════════════════════════════════════════════════════════
                                             AIC    BIC logLik deviance df.resid
8Binomial_quad_DI_Sex_Age_Histologic2.log 1612.4 1695.4 -791.2   1582.4     1851
5Binomial_quad_Sex_Age_Histologic2.log    1606.6 1673.0 -791.3   1582.6     1854
7Binomial_quad_DI_Sex_Histologic2.log     1612.5 1690.0 -792.3   1584.5     1852
4Binomial_quad_Sex_Histologic2.log        1606.7 1667.6 -792.4   1584.7     1855
7Binomial_quad_DI_Age_Histologic2.log     1612.7 1690.2 -792.4   1584.7     1852
4Binomial_quad_Age_Histologic2.log        1607.0 1667.8 -792.5   1585.0     1855
7Binomial_quad_DI_Sex_Age.log             1649.3 1726.7 -810.6   1621.3     1852

